\BOOKMARK [1][-]{section.1}{\376\377\000I\000n\000t\000r\000o\000d\000u\000c\000t\000i\000o\000n}{}% 1
\BOOKMARK [1][-]{section.2}{\376\377\000S\000y\000s\000t\000e\000m\000\040\000A\000r\000c\000h\000i\000t\000e\000c\000t\000u\000r\000e}{}% 2
\BOOKMARK [2][-]{subsection.2.1}{\376\377\000C\000o\000r\000e\000\040\000A\000r\000c\000h\000i\000t\000e\000c\000t\000u\000r\000a\000l\000\040\000P\000r\000i\000n\000c\000i\000p\000l\000e\000s}{section.2}% 3
\BOOKMARK [3][-]{subsubsection.2.1.1}{\376\377\000S\000e\000m\000a\000n\000t\000i\000c\000\040\000K\000e\000r\000n\000e\000l\000\040\000F\000o\000u\000n\000d\000a\000t\000i\000o\000n}{subsection.2.1}% 4
\BOOKMARK [3][-]{subsubsection.2.1.2}{\376\377\000M\000u\000l\000t\000i\000-\000L\000a\000y\000e\000r\000\040\000S\000e\000r\000v\000i\000c\000e\000\040\000A\000r\000c\000h\000i\000t\000e\000c\000t\000u\000r\000e}{subsection.2.1}% 5
\BOOKMARK [3][-]{subsubsection.2.1.3}{\376\377\000D\000a\000t\000a\000\040\000P\000i\000p\000e\000l\000i\000n\000e\000\040\000I\000n\000t\000e\000g\000r\000a\000t\000i\000o\000n}{subsection.2.1}% 6
\BOOKMARK [2][-]{subsection.2.2}{\376\377\000T\000e\000c\000h\000n\000o\000l\000o\000g\000y\000\040\000S\000t\000a\000c\000k}{section.2}% 7
\BOOKMARK [3][-]{subsubsection.2.2.1}{\376\377\000C\000o\000r\000e\000\040\000T\000e\000c\000h\000n\000o\000l\000o\000g\000i\000e\000s}{subsection.2.2}% 8
\BOOKMARK [3][-]{subsubsection.2.2.2}{\376\377\000E\000x\000t\000e\000r\000n\000a\000l\000\040\000I\000n\000t\000e\000g\000r\000a\000t\000i\000o\000n\000s}{subsection.2.2}% 9
\BOOKMARK [1][-]{section.3}{\376\377\000C\000u\000r\000r\000e\000n\000t\000\040\000C\000a\000p\000a\000b\000i\000l\000i\000t\000i\000e\000s}{}% 10
\BOOKMARK [2][-]{subsection.3.1}{\376\377\000C\000o\000r\000e\000\040\000R\000e\000s\000e\000a\000r\000c\000h\000\040\000A\000g\000e\000n\000t\000s}{section.3}% 11
\BOOKMARK [3][-]{subsubsection.3.1.1}{\376\377\000M\000a\000r\000k\000e\000t\000\040\000S\000e\000n\000t\000i\000m\000e\000n\000t\000\040\000A\000g\000e\000n\000t}{subsection.3.1}% 12
\BOOKMARK [3][-]{subsubsection.3.1.2}{\376\377\000S\000t\000a\000t\000i\000s\000t\000i\000c\000a\000l\000\040\000P\000a\000t\000t\000e\000r\000n\000\040\000A\000g\000e\000n\000t}{subsection.3.1}% 13
\BOOKMARK [2][-]{subsection.3.2}{\376\377\000R\000e\000s\000e\000a\000r\000c\000h\000\040\000a\000n\000d\000\040\000S\000t\000r\000a\000t\000e\000g\000y\000\040\000D\000e\000v\000e\000l\000o\000p\000m\000e\000n\000t\000\040\000T\000o\000o\000l\000s}{section.3}% 14
\BOOKMARK [3][-]{subsubsection.3.2.1}{\376\377\000M\000o\000n\000t\000e\000\040\000C\000a\000r\000l\000o\000\040\000S\000i\000m\000u\000l\000a\000t\000i\000o\000n\000\040\000F\000r\000a\000m\000e\000w\000o\000r\000k}{subsection.3.2}% 15
\BOOKMARK [3][-]{subsubsection.3.2.2}{\376\377\000I\000n\000t\000e\000r\000a\000c\000t\000i\000v\000e\000\040\000S\000t\000r\000a\000t\000e\000g\000y\000\040\000B\000u\000i\000l\000d\000e\000r}{subsection.3.2}% 16
\BOOKMARK [3][-]{subsubsection.3.2.3}{\376\377\000R\000e\000s\000e\000a\000r\000c\000h\000\040\000N\000o\000t\000e\000b\000o\000o\000k\000\040\000E\000n\000v\000i\000r\000o\000n\000m\000e\000n\000t}{subsection.3.2}% 17
\BOOKMARK [2][-]{subsection.3.3}{\376\377\000D\000a\000t\000a\000\040\000I\000n\000t\000e\000g\000r\000a\000t\000i\000o\000n\000\040\000a\000n\000d\000\040\000P\000r\000o\000c\000e\000s\000s\000i\000n\000g}{section.3}% 18
\BOOKMARK [3][-]{subsubsection.3.3.1}{\376\377\000M\000a\000r\000k\000e\000t\000\040\000D\000a\000t\000a\000\040\000S\000e\000r\000v\000i\000c\000e\000s}{subsection.3.3}% 19
\BOOKMARK [2][-]{subsection.3.4}{\376\377\000C\000o\000m\000p\000l\000e\000t\000e\000\040\000P\000l\000u\000g\000i\000n\000\040\000E\000c\000o\000s\000y\000s\000t\000e\000m\000\040\000\050\0008\0000\000+\000\040\000P\000l\000u\000g\000i\000n\000s\000\051}{section.3}% 20
\BOOKMARK [3][-]{subsubsection.3.4.1}{\376\377\000M\000a\000r\000k\000e\000t\000\040\000D\000a\000t\000a\000\040\000a\000n\000d\000\040\000A\000n\000a\000l\000y\000s\000i\000s\000\040\000P\000l\000u\000g\000i\000n\000s}{subsection.3.4}% 21
\BOOKMARK [3][-]{subsubsection.3.4.2}{\376\377\000A\000l\000t\000e\000r\000n\000a\000t\000i\000v\000e\000\040\000D\000a\000t\000a\000\040\000P\000l\000u\000g\000i\000n\000s}{subsection.3.4}% 22
\BOOKMARK [3][-]{subsubsection.3.4.3}{\376\377\000Q\000u\000a\000n\000t\000i\000t\000a\000t\000i\000v\000e\000\040\000R\000e\000s\000e\000a\000r\000c\000h\000\040\000P\000l\000u\000g\000i\000n\000s}{subsection.3.4}% 23
\BOOKMARK [3][-]{subsubsection.3.4.4}{\376\377\000T\000r\000a\000d\000i\000n\000g\000\040\000a\000n\000d\000\040\000E\000x\000e\000c\000u\000t\000i\000o\000n\000\040\000P\000l\000u\000g\000i\000n\000s}{subsection.3.4}% 24
\BOOKMARK [3][-]{subsubsection.3.4.5}{\376\377\000R\000i\000s\000k\000\040\000M\000a\000n\000a\000g\000e\000m\000e\000n\000t\000\040\000P\000l\000u\000g\000i\000n\000s}{subsection.3.4}% 25
\BOOKMARK [3][-]{subsubsection.3.4.6}{\376\377\000M\000a\000c\000h\000i\000n\000e\000\040\000L\000e\000a\000r\000n\000i\000n\000g\000\040\000P\000l\000u\000g\000i\000n\000s}{subsection.3.4}% 26
\BOOKMARK [3][-]{subsubsection.3.4.7}{\376\377\000E\000c\000o\000n\000o\000m\000i\000c\000\040\000a\000n\000d\000\040\000M\000a\000c\000r\000o\000\040\000P\000l\000u\000g\000i\000n\000s}{subsection.3.4}% 27
\BOOKMARK [3][-]{subsubsection.3.4.8}{\376\377\000S\000p\000e\000c\000i\000a\000l\000i\000z\000e\000d\000\040\000R\000e\000s\000e\000a\000r\000c\000h\000\040\000P\000l\000u\000g\000i\000n\000s}{subsection.3.4}% 28
\BOOKMARK [3][-]{subsubsection.3.4.9}{\376\377\000A\000n\000a\000l\000y\000s\000i\000s\000\040\000P\000l\000u\000g\000i\000n\000s}{subsection.3.4}% 29
\BOOKMARK [2][-]{subsection.3.5}{\376\377\000A\000d\000v\000a\000n\000c\000e\000d\000\040\000Q\000u\000a\000n\000t\000i\000t\000a\000t\000i\000v\000e\000\040\000C\000a\000p\000a\000b\000i\000l\000i\000t\000i\000e\000s}{section.3}% 30
\BOOKMARK [3][-]{subsubsection.3.5.1}{\376\377\000H\000i\000g\000h\000-\000F\000r\000e\000q\000u\000e\000n\000c\000y\000\040\000T\000r\000a\000d\000i\000n\000g\000\040\000a\000n\000d\000\040\000M\000a\000r\000k\000e\000t\000\040\000M\000i\000c\000r\000o\000s\000t\000r\000u\000c\000t\000u\000r\000e}{subsection.3.5}% 31
\BOOKMARK [3][-]{subsubsection.3.5.2}{\376\377\000R\000e\000i\000n\000f\000o\000r\000c\000e\000m\000e\000n\000t\000\040\000L\000e\000a\000r\000n\000i\000n\000g\000\040\000f\000o\000r\000\040\000T\000r\000a\000d\000i\000n\000g}{subsection.3.5}% 32
\BOOKMARK [3][-]{subsubsection.3.5.3}{\376\377\000F\000a\000c\000t\000o\000r\000\040\000M\000o\000d\000e\000l\000s\000\040\000a\000n\000d\000\040\000R\000i\000s\000k\000\040\000D\000e\000c\000o\000m\000p\000o\000s\000i\000t\000i\000o\000n}{subsection.3.5}% 33
\BOOKMARK [2][-]{subsection.3.6}{\376\377\000S\000e\000r\000v\000i\000c\000e\000s\000\040\000L\000a\000y\000e\000r\000\040\000A\000r\000c\000h\000i\000t\000e\000c\000t\000u\000r\000e\000\040\000\050\0008\0000\000+\000\040\000S\000e\000r\000v\000i\000c\000e\000s\000\051}{section.3}% 34
\BOOKMARK [3][-]{subsubsection.3.6.1}{\376\377\000C\000o\000r\000e\000\040\000S\000e\000r\000v\000i\000c\000e\000\040\000I\000n\000f\000r\000a\000s\000t\000r\000u\000c\000t\000u\000r\000e}{subsection.3.6}% 35
\BOOKMARK [3][-]{subsubsection.3.6.2}{\376\377\000R\000e\000s\000e\000a\000r\000c\000h\000\040\000S\000e\000r\000v\000i\000c\000e\000s}{subsection.3.6}% 36
\BOOKMARK [3][-]{subsubsection.3.6.3}{\376\377\000A\000l\000t\000e\000r\000n\000a\000t\000i\000v\000e\000\040\000D\000a\000t\000a\000\040\000S\000e\000r\000v\000i\000c\000e\000s}{subsection.3.6}% 37
\BOOKMARK [3][-]{subsubsection.3.6.4}{\376\377\000T\000r\000a\000d\000i\000n\000g\000\040\000a\000n\000d\000\040\000E\000x\000e\000c\000u\000t\000i\000o\000n\000\040\000S\000e\000r\000v\000i\000c\000e\000s}{subsection.3.6}% 38
\BOOKMARK [3][-]{subsubsection.3.6.5}{\376\377\000R\000i\000s\000k\000\040\000a\000n\000d\000\040\000P\000o\000r\000t\000f\000o\000l\000i\000o\000\040\000S\000e\000r\000v\000i\000c\000e\000s}{subsection.3.6}% 39
\BOOKMARK [3][-]{subsubsection.3.6.6}{\376\377\000M\000a\000c\000h\000i\000n\000e\000\040\000L\000e\000a\000r\000n\000i\000n\000g\000\040\000S\000e\000r\000v\000i\000c\000e\000s}{subsection.3.6}% 40
\BOOKMARK [3][-]{subsubsection.3.6.7}{\376\377\000E\000c\000o\000n\000o\000m\000i\000c\000\040\000D\000a\000t\000a\000\040\000S\000e\000r\000v\000i\000c\000e\000s}{subsection.3.6}% 41
\BOOKMARK [3][-]{subsubsection.3.6.8}{\376\377\000F\000u\000n\000d\000a\000m\000e\000n\000t\000a\000l\000\040\000A\000n\000a\000l\000y\000s\000i\000s\000\040\000S\000e\000r\000v\000i\000c\000e\000s}{subsection.3.6}% 42
\BOOKMARK [3][-]{subsubsection.3.6.9}{\376\377\000S\000p\000e\000c\000i\000a\000l\000i\000z\000e\000d\000\040\000S\000e\000r\000v\000i\000c\000e\000s}{subsection.3.6}% 43
\BOOKMARK [3][-]{subsubsection.3.6.10}{\376\377\000A\000l\000t\000e\000r\000n\000a\000t\000i\000v\000e\000\040\000D\000a\000t\000a\000\040\000I\000n\000t\000e\000g\000r\000a\000t\000i\000o\000n}{subsection.3.6}% 44
\BOOKMARK [2][-]{subsection.3.7}{\376\377\000C\000o\000m\000p\000l\000i\000a\000n\000c\000e\000\040\000a\000n\000d\000\040\000R\000e\000g\000u\000l\000a\000t\000o\000r\000y\000\040\000F\000e\000a\000t\000u\000r\000e\000s}{section.3}% 45
\BOOKMARK [3][-]{subsubsection.3.7.1}{\376\377\000R\000e\000a\000l\000-\000T\000i\000m\000e\000\040\000C\000o\000m\000p\000l\000i\000a\000n\000c\000e\000\040\000M\000o\000n\000i\000t\000o\000r\000i\000n\000g}{subsection.3.7}% 46
\BOOKMARK [3][-]{subsubsection.3.7.2}{\376\377\000C\000o\000r\000p\000o\000r\000a\000t\000e\000\040\000A\000c\000t\000i\000o\000n\000s\000\040\000a\000n\000d\000\040\000E\000v\000e\000n\000t\000s}{subsection.3.7}% 47
\BOOKMARK [2][-]{subsection.3.8}{\376\377\000M\000a\000c\000h\000i\000n\000e\000\040\000L\000e\000a\000r\000n\000i\000n\000g\000\040\000a\000n\000d\000\040\000A\000u\000t\000o\000M\000L}{section.3}% 48
\BOOKMARK [3][-]{subsubsection.3.8.1}{\376\377\000A\000u\000t\000o\000m\000a\000t\000e\000d\000\040\000M\000a\000c\000h\000i\000n\000e\000\040\000L\000e\000a\000r\000n\000i\000n\000g\000\040\000P\000i\000p\000e\000l\000i\000n\000e}{subsection.3.8}% 49
\BOOKMARK [2][-]{subsection.3.9}{\376\377\000A\000g\000e\000n\000t\000\040\000O\000r\000c\000h\000e\000s\000t\000r\000a\000t\000i\000o\000n\000\040\000a\000n\000d\000\040\000W\000o\000r\000k\000f\000l\000o\000w}{section.3}% 50
\BOOKMARK [3][-]{subsubsection.3.9.1}{\376\377\000S\000e\000m\000a\000n\000t\000i\000c\000\040\000K\000e\000r\000n\000e\000l\000\040\000A\000g\000e\000n\000t\000\040\000F\000r\000a\000m\000e\000w\000o\000r\000k}{subsection.3.9}% 51
\BOOKMARK [3][-]{subsubsection.3.9.2}{\376\377\000C\000o\000m\000p\000l\000e\000t\000e\000\040\000A\000g\000e\000n\000t\000\040\000R\000o\000s\000t\000e\000r}{subsection.3.9}% 52
\BOOKMARK [3][-]{subsubsection.3.9.3}{\376\377\000A\000g\000e\000n\000t\000\040\000C\000o\000m\000m\000u\000n\000i\000c\000a\000t\000i\000o\000n\000\040\000P\000r\000o\000t\000o\000c\000o\000l\000s}{subsection.3.9}% 53
\BOOKMARK [2][-]{subsection.3.10}{\376\377\000T\000e\000c\000h\000n\000i\000c\000a\000l\000\040\000I\000m\000p\000l\000e\000m\000e\000n\000t\000a\000t\000i\000o\000n\000\040\000D\000e\000t\000a\000i\000l\000s}{section.3}% 54
\BOOKMARK [3][-]{subsubsection.3.10.1}{\376\377\000P\000e\000r\000f\000o\000r\000m\000a\000n\000c\000e\000\040\000O\000p\000t\000i\000m\000i\000z\000a\000t\000i\000o\000n}{subsection.3.10}% 55
\BOOKMARK [3][-]{subsubsection.3.10.2}{\376\377\000S\000c\000a\000l\000a\000b\000i\000l\000i\000t\000y\000\040\000A\000r\000c\000h\000i\000t\000e\000c\000t\000u\000r\000e}{subsection.3.10}% 56
\BOOKMARK [3][-]{subsubsection.3.10.3}{\376\377\000S\000e\000c\000u\000r\000i\000t\000y\000\040\000a\000n\000d\000\040\000A\000u\000t\000h\000e\000n\000t\000i\000c\000a\000t\000i\000o\000n}{subsection.3.10}% 57
\BOOKMARK [2][-]{subsection.3.11}{\376\377\000P\000r\000o\000d\000u\000c\000t\000i\000o\000n\000\040\000D\000e\000p\000l\000o\000y\000m\000e\000n\000t\000\040\000A\000r\000c\000h\000i\000t\000e\000c\000t\000u\000r\000e}{section.3}% 58
\BOOKMARK [3][-]{subsubsection.3.11.1}{\376\377\000B\000l\000a\000z\000o\000r\000\040\000W\000e\000b\000\040\000I\000n\000t\000e\000r\000f\000a\000c\000e}{subsection.3.11}% 59
\BOOKMARK [3][-]{subsubsection.3.11.2}{\376\377\000S\000c\000a\000l\000a\000b\000i\000l\000i\000t\000y\000\040\000a\000n\000d\000\040\000P\000e\000r\000f\000o\000r\000m\000a\000n\000c\000e}{subsection.3.11}% 60
\BOOKMARK [1][-]{section.4}{\376\377\000F\000u\000t\000u\000r\000e\000\040\000E\000n\000h\000a\000n\000c\000e\000m\000e\000n\000t\000s}{}% 61
\BOOKMARK [2][-]{subsection.4.1}{\376\377\000P\000h\000a\000s\000e\000\040\0001\000:\000\040\000C\000o\000r\000e\000\040\000S\000t\000a\000t\000i\000s\000t\000i\000c\000a\000l\000\040\000F\000r\000a\000m\000e\000w\000o\000r\000k\000\040\000\050\000C\000o\000m\000p\000l\000e\000t\000e\000d\000\051}{section.4}% 62
\BOOKMARK [2][-]{subsection.4.2}{\376\377\000P\000h\000a\000s\000e\000\040\0002\000:\000\040\000M\000a\000c\000h\000i\000n\000e\000\040\000L\000e\000a\000r\000n\000i\000n\000g\000\040\000a\000n\000d\000\040\000P\000r\000e\000d\000i\000c\000t\000i\000v\000e\000\040\000M\000o\000d\000e\000l\000i\000n\000g\000\040\000\050\000C\000o\000m\000p\000l\000e\000t\000e\000d\000\051}{section.4}% 63
\BOOKMARK [2][-]{subsection.4.3}{\376\377\000P\000h\000a\000s\000e\000\040\0003\000:\000\040\000A\000d\000v\000a\000n\000c\000e\000d\000\040\000A\000n\000a\000l\000y\000t\000i\000c\000s\000\040\000a\000n\000d\000\040\000R\000i\000s\000k\000\040\000M\000a\000n\000a\000g\000e\000m\000e\000n\000t\000\040\000\050\000I\000n\000\040\000P\000r\000o\000g\000r\000e\000s\000s\000\051}{section.4}% 64
\BOOKMARK [2][-]{subsection.4.4}{\376\377\000P\000h\000a\000s\000e\000\040\0004\000:\000\040\000W\000e\000b\000\040\000I\000n\000t\000e\000r\000f\000a\000c\000e\000\040\000T\000r\000a\000n\000s\000f\000o\000r\000m\000a\000t\000i\000o\000n\000\040\000\050\000I\000n\000\040\000P\000r\000o\000g\000r\000e\000s\000s\000\051}{section.4}% 65
\BOOKMARK [2][-]{subsection.4.5}{\376\377\000P\000h\000a\000s\000e\000\040\0005\000:\000\040\000E\000n\000t\000e\000r\000p\000r\000i\000s\000e\000\040\000F\000e\000a\000t\000u\000r\000e\000s\000\040\000\050\000P\000l\000a\000n\000n\000e\000d\000\051}{section.4}% 66
\BOOKMARK [1][-]{section.5}{\376\377\000L\000i\000m\000i\000t\000a\000t\000i\000o\000n\000s\000\040\000a\000n\000d\000\040\000C\000h\000a\000l\000l\000e\000n\000g\000e\000s}{}% 67
\BOOKMARK [2][-]{subsection.5.1}{\376\377\000T\000e\000c\000h\000n\000i\000c\000a\000l\000\040\000L\000i\000m\000i\000t\000a\000t\000i\000o\000n\000s}{section.5}% 68
\BOOKMARK [3][-]{subsubsection.5.1.1}{\376\377\000P\000e\000r\000f\000o\000r\000m\000a\000n\000c\000e\000\040\000C\000o\000n\000s\000t\000r\000a\000i\000n\000t\000s}{subsection.5.1}% 69
\BOOKMARK [3][-]{subsubsection.5.1.2}{\376\377\000P\000l\000a\000t\000f\000o\000r\000m\000\040\000D\000e\000p\000e\000n\000d\000e\000n\000c\000i\000e\000s}{subsection.5.1}% 70
\BOOKMARK [2][-]{subsection.5.2}{\376\377\000O\000p\000e\000r\000a\000t\000i\000o\000n\000a\000l\000\040\000C\000h\000a\000l\000l\000e\000n\000g\000e\000s}{section.5}% 71
\BOOKMARK [3][-]{subsubsection.5.2.1}{\376\377\000D\000a\000t\000a\000\040\000I\000n\000t\000e\000g\000r\000a\000t\000i\000o\000n\000\040\000C\000o\000m\000p\000l\000e\000x\000i\000t\000y}{subsection.5.2}% 72
\BOOKMARK [3][-]{subsubsection.5.2.2}{\376\377\000A\000I\000\040\000a\000n\000d\000\040\000M\000L\000\040\000L\000i\000m\000i\000t\000a\000t\000i\000o\000n\000s}{subsection.5.2}% 73
\BOOKMARK [2][-]{subsection.5.3}{\376\377\000R\000e\000g\000u\000l\000a\000t\000o\000r\000y\000\040\000a\000n\000d\000\040\000C\000o\000m\000p\000l\000i\000a\000n\000c\000e\000\040\000C\000o\000n\000s\000i\000d\000e\000r\000a\000t\000i\000o\000n\000s}{section.5}% 74
\BOOKMARK [3][-]{subsubsection.5.3.1}{\376\377\000F\000i\000n\000a\000n\000c\000i\000a\000l\000\040\000R\000e\000g\000u\000l\000a\000t\000i\000o\000n}{subsection.5.3}% 75
\BOOKMARK [3][-]{subsubsection.5.3.2}{\376\377\000D\000a\000t\000a\000\040\000P\000r\000i\000v\000a\000c\000y}{subsection.5.3}% 76
\BOOKMARK [1][-]{section.6}{\376\377\000S\000t\000r\000e\000n\000g\000t\000h\000s\000\040\000a\000n\000d\000\040\000C\000o\000m\000p\000e\000t\000i\000t\000i\000v\000e\000\040\000A\000d\000v\000a\000n\000t\000a\000g\000e\000s}{}% 77
\BOOKMARK [2][-]{subsection.6.1}{\376\377\000A\000r\000c\000h\000i\000t\000e\000c\000t\000u\000r\000a\000l\000\040\000S\000t\000r\000e\000n\000g\000t\000h\000s}{section.6}% 78
\BOOKMARK [3][-]{subsubsection.6.1.1}{\376\377\000M\000o\000d\000u\000l\000a\000r\000\040\000P\000l\000u\000g\000i\000n\000\040\000A\000r\000c\000h\000i\000t\000e\000c\000t\000u\000r\000e}{subsection.6.1}% 79
\BOOKMARK [3][-]{subsubsection.6.1.2}{\376\377\000A\000I\000-\000F\000i\000r\000s\000t\000\040\000D\000e\000s\000i\000g\000n}{subsection.6.1}% 80
\BOOKMARK [2][-]{subsection.6.2}{\376\377\000M\000a\000r\000k\000e\000t\000\040\000D\000i\000f\000f\000e\000r\000e\000n\000t\000i\000a\000t\000i\000o\000n}{section.6}% 81
\BOOKMARK [3][-]{subsubsection.6.2.1}{\376\377\000C\000o\000m\000p\000r\000e\000h\000e\000n\000s\000i\000v\000e\000\040\000D\000a\000t\000a\000\040\000I\000n\000t\000e\000g\000r\000a\000t\000i\000o\000n}{subsection.6.2}% 82
\BOOKMARK [3][-]{subsubsection.6.2.2}{\376\377\000R\000e\000s\000e\000a\000r\000c\000h\000\040\000A\000u\000t\000o\000m\000a\000t\000i\000o\000n}{subsection.6.2}% 83
\BOOKMARK [2][-]{subsection.6.3}{\376\377\000T\000e\000c\000h\000n\000o\000l\000o\000g\000y\000\040\000A\000d\000v\000a\000n\000t\000a\000g\000e\000s}{section.6}% 84
\BOOKMARK [3][-]{subsubsection.6.3.1}{\376\377\000S\000e\000m\000a\000n\000t\000i\000c\000\040\000K\000e\000r\000n\000e\000l\000\040\000I\000n\000t\000e\000g\000r\000a\000t\000i\000o\000n}{subsection.6.3}% 85
\BOOKMARK [3][-]{subsubsection.6.3.2}{\376\377\000M\000o\000d\000e\000r\000n\000\040\000T\000e\000c\000h\000n\000o\000l\000o\000g\000y\000\040\000S\000t\000a\000c\000k}{subsection.6.3}% 86
\BOOKMARK [1][-]{section.7}{\376\377\000I\000n\000d\000u\000s\000t\000r\000i\000a\000l\000\040\000A\000d\000o\000p\000t\000i\000o\000n\000\040\000A\000s\000s\000e\000s\000s\000m\000e\000n\000t}{}% 87
\BOOKMARK [2][-]{subsection.7.1}{\376\377\000T\000e\000c\000h\000n\000o\000l\000o\000g\000y\000\040\000R\000e\000a\000d\000i\000n\000e\000s\000s\000\040\000L\000e\000v\000e\000l\000\040\000\050\000T\000R\000L\000\051}{section.7}% 88
\BOOKMARK [3][-]{subsubsection.7.1.1}{\376\377\000T\000R\000L\000\040\0007\000:\000\040\000S\000y\000s\000t\000e\000m\000\040\000P\000r\000o\000t\000o\000t\000y\000p\000e\000\040\000D\000e\000m\000o\000n\000s\000t\000r\000a\000t\000i\000o\000n}{subsection.7.1}% 89
\BOOKMARK [3][-]{subsubsection.7.1.2}{\376\377\000A\000p\000p\000r\000o\000a\000c\000h\000i\000n\000g\000\040\000T\000R\000L\000\040\0008\000:\000\040\000S\000y\000s\000t\000e\000m\000\040\000C\000o\000m\000p\000l\000e\000t\000e}{subsection.7.1}% 90
\BOOKMARK [2][-]{subsection.7.2}{\376\377\000M\000a\000r\000k\000e\000t\000\040\000R\000e\000a\000d\000i\000n\000e\000s\000s\000\040\000A\000s\000s\000e\000s\000s\000m\000e\000n\000t}{section.7}% 91
\BOOKMARK [3][-]{subsubsection.7.2.1}{\376\377\000T\000a\000r\000g\000e\000t\000\040\000M\000a\000r\000k\000e\000t\000\040\000S\000e\000g\000m\000e\000n\000t\000s}{subsection.7.2}% 92
\BOOKMARK [3][-]{subsubsection.7.2.2}{\376\377\000C\000o\000m\000p\000e\000t\000i\000t\000i\000v\000e\000\040\000P\000o\000s\000i\000t\000i\000o\000n\000i\000n\000g}{subsection.7.2}% 93
\BOOKMARK [2][-]{subsection.7.3}{\376\377\000A\000d\000o\000p\000t\000i\000o\000n\000\040\000B\000a\000r\000r\000i\000e\000r\000s\000\040\000a\000n\000d\000\040\000M\000i\000t\000i\000g\000a\000t\000i\000o\000n\000s}{section.7}% 94
\BOOKMARK [3][-]{subsubsection.7.3.1}{\376\377\000T\000e\000c\000h\000n\000i\000c\000a\000l\000\040\000B\000a\000r\000r\000i\000e\000r\000s}{subsection.7.3}% 95
\BOOKMARK [3][-]{subsubsection.7.3.2}{\376\377\000O\000r\000g\000a\000n\000i\000z\000a\000t\000i\000o\000n\000a\000l\000\040\000B\000a\000r\000r\000i\000e\000r\000s}{subsection.7.3}% 96
\BOOKMARK [3][-]{subsubsection.7.3.3}{\376\377\000F\000i\000n\000a\000n\000c\000i\000a\000l\000\040\000B\000a\000r\000r\000i\000e\000r\000s}{subsection.7.3}% 97
\BOOKMARK [2][-]{subsection.7.4}{\376\377\000G\000o\000-\000t\000o\000-\000M\000a\000r\000k\000e\000t\000\040\000S\000t\000r\000a\000t\000e\000g\000y}{section.7}% 98
\BOOKMARK [3][-]{subsubsection.7.4.1}{\376\377\000P\000h\000a\000s\000e\000\040\0001\000:\000\040\000B\000e\000t\000a\000\040\000P\000r\000o\000g\000r\000a\000m\000\040\000\050\000Q\0001\000\040\0002\0000\0002\0006\000\051}{subsection.7.4}% 99
\BOOKMARK [3][-]{subsubsection.7.4.2}{\376\377\000P\000h\000a\000s\000e\000\040\0002\000:\000\040\000C\000o\000m\000m\000e\000r\000c\000i\000a\000l\000\040\000L\000a\000u\000n\000c\000h\000\040\000\050\000Q\0003\000\040\0002\0000\0002\0006\000\051}{subsection.7.4}% 100
\BOOKMARK [3][-]{subsubsection.7.4.3}{\376\377\000P\000h\000a\000s\000e\000\040\0003\000:\000\040\000E\000n\000t\000e\000r\000p\000r\000i\000s\000e\000\040\000E\000x\000p\000a\000n\000s\000i\000o\000n\000\040\000\050\000Q\0001\000\040\0002\0000\0002\0007\000\051}{subsection.7.4}% 101
\BOOKMARK [1][-]{section.8}{\376\377\000I\000m\000p\000l\000e\000m\000e\000n\000t\000a\000t\000i\000o\000n\000\040\000R\000o\000a\000d\000m\000a\000p}{}% 102
\BOOKMARK [2][-]{subsection.8.1}{\376\377\000S\000h\000o\000r\000t\000-\000T\000e\000r\000m\000\040\000\050\0000\000-\0006\000\040\000m\000o\000n\000t\000h\000s\000\051}{section.8}% 103
\BOOKMARK [2][-]{subsection.8.2}{\376\377\000M\000e\000d\000i\000u\000m\000-\000T\000e\000r\000m\000\040\000\050\0006\000-\0001\0008\000\040\000m\000o\000n\000t\000h\000s\000\051}{section.8}% 104
\BOOKMARK [2][-]{subsection.8.3}{\376\377\000L\000o\000n\000g\000-\000T\000e\000r\000m\000\040\000\050\0001\0008\000+\000\040\000m\000o\000n\000t\000h\000s\000\051}{section.8}% 105
\BOOKMARK [1][-]{section.9}{\376\377\000C\000o\000n\000c\000l\000u\000s\000i\000o\000n}{}% 106
\BOOKMARK [2][-]{subsection.9.1}{\376\377\000K\000e\000y\000\040\000A\000c\000h\000i\000e\000v\000e\000m\000e\000n\000t\000s}{section.9}% 107
\BOOKMARK [2][-]{subsection.9.2}{\376\377\000F\000u\000t\000u\000r\000e\000\040\000O\000u\000t\000l\000o\000o\000k}{section.9}% 108
\BOOKMARK [2][-]{subsection.9.3}{\376\377\000R\000e\000c\000o\000m\000m\000e\000n\000d\000a\000t\000i\000o\000n\000s}{section.9}% 109
\BOOKMARK [1][-]{section.10}{\376\377\000P\000r\000o\000j\000e\000c\000t\000\040\000R\000e\000s\000o\000u\000r\000c\000e\000s\000\040\000a\000n\000d\000\040\000L\000i\000n\000k\000s}{}% 110
\BOOKMARK [2][-]{subsection.10.1}{\376\377\000R\000e\000p\000o\000s\000i\000t\000o\000r\000y\000\040\000a\000n\000d\000\040\000D\000o\000c\000u\000m\000e\000n\000t\000a\000t\000i\000o\000n}{section.10}% 111
\BOOKMARK [2][-]{subsection.10.2}{\376\377\000T\000e\000c\000h\000n\000i\000c\000a\000l\000\040\000S\000p\000e\000c\000i\000f\000i\000c\000a\000t\000i\000o\000n\000s}{section.10}% 112
\BOOKMARK [2][-]{subsection.10.3}{\376\377\000A\000P\000I\000\040\000I\000n\000t\000e\000g\000r\000a\000t\000i\000o\000n\000s}{section.10}% 113
\BOOKMARK [2][-]{subsection.10.4}{\376\377\000D\000e\000v\000e\000l\000o\000p\000m\000e\000n\000t\000\040\000R\000o\000a\000d\000m\000a\000p}{section.10}% 114
\BOOKMARK [2][-]{subsection.10.5}{\376\377\000C\000o\000m\000m\000u\000n\000i\000t\000y\000\040\000a\000n\000d\000\040\000S\000u\000p\000p\000o\000r\000t}{section.10}% 115
\BOOKMARK [1][-]{section*.1}{\376\377\000R\000e\000f\000e\000r\000e\000n\000c\000e\000s}{}% 116
