2025-07-24 18:23:18,699 - utils - INFO - Starting data download from 2025-01-01 to 2025-06-30
2025-07-24 18:23:18,699 - utils - INFO - Resolution: minute
2025-07-24 18:23:18,699 - utils - INFO - Starting Alpaca data download...
2025-07-24 18:23:18,699 - utils - INFO - Starting download for 6 symbols
2025-07-24 18:23:19,125 - utils - INFO - Downloading TQQQ data for minute resolution
2025-07-24 18:25:25,010 - utils - INFO - Downloading DIG data for minute resolution
2025-07-24 18:27:01,504 - utils - INFO - Downloading UGL data for minute resolution
2025-07-24 18:28:49,250 - utils - INFO - Downloading UPRO data for minute resolution
2025-07-24 18:30:49,202 - utils - INFO - Downloading UDOW data for minute resolution
2025-07-24 18:32:45,188 - utils - INFO - Downloading TMF data for minute resolution
2025-07-24 18:34:46,132 - utils - INFO - Download completed
2025-07-24 18:34:46,133 - utils - INFO - Alpaca download completed
2025-07-24 18:34:46,134 - utils - INFO - Data pipeline completed successfully!
2025-07-24 18:35:34,839 - utils - INFO - Starting data download from 2017-01-01 to 2025-06-30
2025-07-24 18:35:34,839 - utils - INFO - Resolution: daily
2025-07-24 18:35:34,839 - utils - INFO - Starting Alpaca data download...
2025-07-24 18:35:34,840 - utils - INFO - Starting download for 6 symbols
2025-07-24 18:35:34,878 - utils - INFO - Downloading TQQQ data for daily resolution
2025-07-24 18:35:36,301 - utils - INFO - Saved 2134 bars for TQQQ daily
2025-07-24 18:35:36,302 - utils - INFO - Downloading DIG data for daily resolution
2025-07-24 18:35:37,458 - utils - INFO - Saved 2134 bars for DIG daily
2025-07-24 18:35:37,460 - utils - INFO - Downloading UGL data for daily resolution
2025-07-24 18:35:38,617 - utils - INFO - Saved 2134 bars for UGL daily
2025-07-24 18:35:38,619 - utils - INFO - Downloading UPRO data for daily resolution
2025-07-24 18:35:39,881 - utils - INFO - Saved 2134 bars for UPRO daily
2025-07-24 18:35:39,883 - utils - INFO - Downloading UDOW data for daily resolution
2025-07-24 18:35:40,945 - utils - INFO - Saved 2134 bars for UDOW daily
2025-07-24 18:35:40,946 - utils - INFO - Downloading TMF data for daily resolution
2025-07-24 18:35:41,992 - utils - INFO - Saved 2134 bars for TMF daily
2025-07-24 18:35:41,993 - utils - INFO - Download completed
2025-07-24 18:35:41,993 - utils - INFO - Alpaca download completed
2025-07-24 18:35:41,994 - utils - INFO - Data pipeline completed successfully!
